log started: Tue Jul 30 15:20:47 2024

Log file: ./leap.log
>> # ----- NOTE: this is designed for PDB format 3!
>> #	Uses ff99bsc0+bsc1 for DNA
>> #               (ff99): Wang et al. J. Comp. Chem. 21: 1049, 2000
>> #               (bsc0): Perez et al. Biophys J. 92: 3817, 2007
>> #               (bsc1): Ivani et al. Nature Methods 13: 55, 2016
>> #	load atom type hybridizations
>> #
>> addAtomTypes {
>> 	{ "H"   "H" "sp3" }
>> 	{ "HO"  "H" "sp3" }
>> 	{ "HS"  "H" "sp3" }
>> 	{ "H1"  "H" "sp3" }
>> 	{ "H2"  "H" "sp3" }
>> 	{ "H3"  "H" "sp3" }
>> 	{ "H4"  "H" "sp3" }
>> 	{ "H5"  "H" "sp3" }
>> 	{ "HW"  "H" "sp3" }
>> 	{ "HC"  "H" "sp3" }
>> 	{ "HA"  "H" "sp3" }
>> 	{ "HP"  "H" "sp3" }
>> 	{ "HZ"  "H" "sp3" }
>> 	{ "OH"  "O" "sp3" }
>> 	{ "OS"  "O" "sp3" }
>> 	{ "O"   "O" "sp2" }
>> 	{ "O2"  "O" "sp2" }
>> 	{ "OP"  "O" "sp2" }
>> 	{ "OW"  "O" "sp3" }
>> 	{ "CT"  "C" "sp3" }
>> 	{ "CX"  "C" "sp3" }
>> 	{ "C8"  "C" "sp3" }
>> 	{ "2C"  "C" "sp3" }
>> 	{ "3C"  "C" "sp3" }
>> 	{ "CH"  "C" "sp3" }
>> 	{ "CS"  "C" "sp2" }
>> 	{ "C"   "C" "sp2" }
>> 	{ "CO"  "C" "sp2" }
>> 	{ "C*"  "C" "sp2" }
>> 	{ "CA"  "C" "sp2" }
>> 	{ "CB"  "C" "sp2" }
>> 	{ "CC"  "C" "sp2" }
>> 	{ "CN"  "C" "sp2" }
>> 	{ "CM"  "C" "sp2" }
>> 	{ "CK"  "C" "sp2" }
>> 	{ "CQ"  "C" "sp2" }
>> 	{ "CD"  "C" "sp2" }
>> 	{ "C5"  "C" "sp2" }
>> 	{ "C4"  "C" "sp2" }
>> 	{ "CP"  "C" "sp2" }
>> 	{ "CI"  "C" "sp3" }
>> 	{ "CJ"  "C" "sp2" }
>> 	{ "CW"  "C" "sp2" }
>> 	{ "CV"  "C" "sp2" }
>> 	{ "CR"  "C" "sp2" }
>> 	{ "CA"  "C" "sp2" }
>> 	{ "CY"  "C" "sp2" }
>> 	{ "C0"  "Ca" "sp3" }
>> 	{ "MG"  "Mg" "sp3" }
>> 	{ "N"   "N" "sp2" }
>> 	{ "NA"  "N" "sp2" }
>> 	{ "N2"  "N" "sp2" }
>> 	{ "N*"  "N" "sp2" }
>> 	{ "NP"  "N" "sp2" }
>> 	{ "NQ"  "N" "sp2" }
>> 	{ "NB"  "N" "sp2" }
>> 	{ "NC"  "N" "sp2" }
>> 	{ "NT"  "N" "sp3" }
>> 	{ "NY"  "N" "sp2" }
>> 	{ "N3"  "N" "sp3" }
>> 	{ "S"   "S" "sp3" }
>> 	{ "SH"  "S" "sp3" }
>> 	{ "P"   "P" "sp3" }
>> 	{ "LP"  ""  "sp3" }
>> 	{ "EP"  ""  "sp3" }
>> 	{ "F"   "F" "sp3" }
>> 	{ "Cl"  "Cl" "sp3" }
>> 	{ "Br"  "Br" "sp3" }
>> 	{ "I"   "I"  "sp3" }
>> 	{ "F-"   "F" "sp3" }
>> 	{ "Cl-"  "Cl" "sp3" }
>> 	{ "Br-"  "Br" "sp3" }
>> 	{ "I-"   "I"  "sp3" }
>> 	{ "Li+"  "Li"  "sp3" }
>> 	{ "Na+"  "Na"  "sp3" }
>> 	{ "K+"  "K"  "sp3" }
>> 	{ "Rb+"  "Rb"  "sp3" }
>> 	{ "Cs+"  "Cs"  "sp3" }
>> 	{ "Mg+"  "Mg"  "sp3" }
>> }
>> 
>> #
>> #	Load the main parameter set.
>> #
>> 
>> parm10 = loadamberparams parm10.dat
Loading parameters: /home/au555720/micromamba/envs/AmberTools23/dat/leap/parm/parm10.dat
Reading title:
PARM99 + frcmod.ff99SB + frcmod.parmbsc0 + OL3 for RNA
>> 
>> #
>> #	Load nucleic acids
>> #
>> 
>> addPdbResMap {
>>   { 0 "DG" "DG5"  } { 1 "DG" "DG3"  }  
>>   { 0 "DA" "DA5"  } { 1 "DA" "DA3"  }  
>>   { 0 "DC" "DC5"  } { 1 "DC" "DC3"  }  
>>   { 0 "DT" "DT5"  } { 1 "DT" "DT3"  }  
>> #  some really old Amber residue names, assuming DNA:
>>   { 0 "GUA" "DG5"  } { 1 "GUA" "DG3"  } { "GUA" "DG" }
>>   { 0 "ADE" "DA5"  } { 1 "ADE" "DA3"  } { "ADE" "DA" }
>>   { 0 "CYT" "DC5"  } { 1 "CYT" "DC3"  } { "CYT" "DC" }
>>   { 0 "THY" "DT5"  } { 1 "THY" "DT3"  } { "THY" "DT" }
>> 
>> }
>> 
>> #  try to be good about reading in really old atom names as well:
>> addPdbAtomMap {
>>   { "O5*" "O5'" }
>>   { "C5*" "C5'" }
>>   { "C4*" "C4'" }
>>   { "O4*" "O4'" }
>>   { "C3*" "C3'" }
>>   { "O3*" "O3'" }
>>   { "C2*" "C2'" }
>>   { "O2*" "O2'" }
>>   { "C1*" "C1'" }
>>   { "C5M" "C7"  }
>>   { "H1*" "H1'" }
>>   { "H2*1" "H2'" }
>>   { "'H2'" "H2''" }
>>   { "H2*2" "H2''" }
>>   { "H2'1" "H2'" }
>>   { "H2'2" "H2''" }
>>   { "H3*" "H3'" }
>>   { "H4*" "H4'" }
>>   { "H5*1" "H5'" }
>>   { "H5*2" "H5''" }
>>   { "H5'1" "H5'" }
>>   { "H5'2" "H5''" }
>>   { "'H5'" "H5''" }
>>   { "HO'2" "HO2'" }
>>   { "H5T"  "HO5'" }
>>   { "H3T"  "HO3'" }
>>   { "O1'" "O4'" }
>>   { "OA"  "OP1" }
>>   { "OB"  "OP2" }
>>   { "O1P" "OP1" }
>>   { "O2P" "OP2" }
>> }
>> 
>> #
>> # Load parameters for BSC1
>> #
>> addAtomTypes {
>>   { "C1" "C" "sp2" }
>>   { "C2" "C" "sp2" }
>>   { "CI" "C" "sp3" }
>>   { "CE" "C" "sp3" }
>>  }
>> 
>> loadoff parmBSC1.lib
Loading library: /home/au555720/micromamba/envs/AmberTools23/dat/leap/lib/parmBSC1.lib
Loading: DA
Loading: DA3
Loading: DA5
Loading: DAN
Loading: DC
Loading: DC3
Loading: DC5
Loading: DCN
Loading: DG
Loading: DG3
Loading: DG5
Loading: DGN
Loading: DT
Loading: DT3
Loading: DT5
Loading: DTN
>> loadamberparams frcmod.parmbsc1
Loading parameters: /home/au555720/micromamba/envs/AmberTools23/dat/leap/parm/frcmod.parmbsc1
Reading force field modification type file (frcmod)
Reading title:
Parmbsc1 force-field for DNA
> 
> source leaprc.water.tip4pew     # Load the TIP4PEW water model
----- Source: /home/au555720/micromamba/envs/AmberTools23/dat/leap/cmd/leaprc.water.tip4pew
----- Source of /home/au555720/micromamba/envs/AmberTools23/dat/leap/cmd/leaprc.water.tip4pew done
>> #
>> #       Load water and ions for TIP4P-ew + Joung-Chetham monovalent ions
>> #       + Li/Merz highly charged ions (+2 to +4, 12-6 normal usage set)
>> # 
>> addAtomTypes {
>> 	{ "F-"   "F" "sp3" }
>> 	{ "Cl-"  "Cl" "sp3" }
>> 	{ "Br-"  "Br" "sp3" }
>> 	{ "I-"   "I"  "sp3" }
>> 	{ "Li+"  "Li"  "sp3" }
>> 	{ "Na+"  "Na"  "sp3" }
>> 	{ "K+"  "K"  "sp3" }
>> 	{ "Rb+"  "Rb"  "sp3" }
>> 	{ "Cs+"  "Cs"  "sp3" }
>> 	{ "Mg+"  "Mg"  "sp3" }
>>     { "Tl+"  "Tl"  "sp3" }
>>     { "Cu+"  "Cu"  "sp3" }
>>     { "Ag+"  "Ag"  "sp3" }
>>     { "Be2+" "Be"  "sp3" }
>>     { "Cu2+" "Cu"  "sp3" }
>>     { "Ni2+" "Ni"  "sp3" }
>>     { "Pt2+" "Pt"  "sp3" }
>>     { "Zn2+" "Zn"  "sp3" }
>>     { "Co2+" "Co"  "sp3" }
>>     { "Pd2+" "Pd"  "sp3" }
>>     { "Ag2+" "Ag"  "sp3" }
>>     { "Cr2+" "Cr"  "sp3" }
>>     { "Fe2+" "Fe"  "sp3" }
>>     { "Mg2+" "Mg"  "sp3" }
>>     { "V2+"  "V"   "sp3" }
>>     { "Mn2+" "Mn"  "sp3" }
>>     { "Hg2+" "Hg"  "sp3" }
>>     { "Cd2+" "Cd"  "sp3" }
>>     { "Yb2+" "Yb"  "sp3" }
>>     { "Ca2+" "Ca"  "sp3" }
>>     { "Sn2+" "Sn"  "sp3" }
>>     { "Pb2+" "Pb"  "sp3" }
>>     { "Eu2+" "Eu"  "sp3" }
>>     { "Sr2+" "Sr"  "sp3" }
>>     { "Sm2+" "Sm"  "sp3" }
>>     { "Ba2+" "Ba"  "sp3" }
>>     { "Ra2+" "Ra"  "sp3" }
>>     { "Al3+" "Al"  "sp3" }
>>     { "Fe3+" "Fe"  "sp3" }
>>     { "Cr3+" "Cr"  "sp3" }
>>     { "In3+" "In"  "sp3" }
>>     { "Tl3+" "Tl"  "sp3" }
>>     { "Y3+"  "Y"   "sp3" }
>>     { "La3+" "La"  "sp3" }
>>     { "Ce3+" "Ce"  "sp3" }
>>     { "Pr3+" "Pr"  "sp3" }
>>     { "Nd3+" "Nd"  "sp3" }
>>     { "Sm3+" "Sm"  "sp3" }
>>     { "Eu3+" "Eu"  "sp3" }
>>     { "Gd3+" "Gd"  "sp3" }
>>     { "Tb3+" "Tb"  "sp3" }
>>     { "Dy3+" "Dy"  "sp3" }
>>     { "Er3+" "Er"  "sp3" }
>>     { "Tm3+" "Tm"  "sp3" }
>>     { "Lu3+" "Lu"  "sp3" }
>>     { "Hf4+" "Hf"  "sp3" }
>>     { "Zr4+" "Zr"  "sp3" }
>>     { "Ce4+" "Ce"  "sp3" }
>>     { "U4+"  "U"   "sp3" }
>>     { "Pu4+" "Pu"  "sp3" }
>>     { "Th4+" "Th"  "sp3" }
>>     { "OW"   "O"   "sp3" }
>>     { "HW"   "H"   "sp3" }
>>     { "EP"   ""    "sp3" }
>> }
>> loadOff atomic_ions.lib
Loading library: /home/au555720/micromamba/envs/AmberTools23/dat/leap/lib/atomic_ions.lib
Loading: AG
Loading: AL
Loading: Ag
Loading: BA
Loading: BR
Loading: Be
Loading: CA
Loading: CD
Loading: CE
Loading: CL
Loading: CO
Loading: CR
Loading: CS
Loading: CU
Loading: CU1
Loading: Ce
Loading: Cl-
Loading: Cr
Loading: Dy
Loading: EU
Loading: EU3
Loading: Er
Loading: F
Loading: FE
Loading: FE2
Loading: GD3
Loading: H3O+
Loading: HE+
Loading: HG
Loading: HZ+
Loading: Hf
Loading: IN
Loading: IOD
Loading: K
Loading: K+
Loading: LA
Loading: LI
Loading: LU
Loading: MG
Loading: MN
Loading: NA
Loading: NH4
Loading: NI
Loading: Na+
Loading: Nd
Loading: PB
Loading: PD
Loading: PR
Loading: PT
Loading: Pu
Loading: RB
Loading: Ra
Loading: SM
Loading: SR
Loading: Sm
Loading: Sn
Loading: TB
Loading: TL
Loading: Th
Loading: Tl
Loading: Tm
Loading: U4+
Loading: V2+
Loading: Y
Loading: YB2
Loading: ZN
Loading: Zr
>> loadOff solvents.lib
Loading library: /home/au555720/micromamba/envs/AmberTools23/dat/leap/lib/solvents.lib
Loading: CHCL3BOX
Loading: DC4
Loading: FB3
Loading: FB3BOX
Loading: FB4
Loading: FB4BOX
Loading: MEOHBOX
Loading: NMABOX
Loading: O3P
Loading: OP3
Loading: OPC
Loading: OPC3BOX
Loading: OPC3POLBOX
Loading: OPCBOX
Loading: PL3
Loading: POL3BOX
Loading: QSPCFWBOX
Loading: SPC
Loading: SPCBOX
Loading: SPCFWBOX
Loading: SPF
Loading: SPG
Loading: T4E
Loading: TIP3PBOX
Loading: TIP3PFBOX
Loading: TIP4PBOX
Loading: TIP4PEWBOX
Loading: TIP5PBOX
Loading: TP3
Loading: TP4
Loading: TP5
Loading: TPF
>> HOH = T4E
>> WAT = T4E
>> loadAmberParams frcmod.tip4pew
Loading parameters: /home/au555720/micromamba/envs/AmberTools23/dat/leap/parm/frcmod.tip4pew
Reading force field modification type file (frcmod)
Reading title:
This is the additional/replacement parameter set for TIP4PEW
(UNKNOWN ATOM TYPE: EP)
>> loadAmberParams frcmod.ionsjc_tip4pew
Loading parameters: /home/au555720/micromamba/envs/AmberTools23/dat/leap/parm/frcmod.ionsjc_tip4pew
Reading force field modification type file (frcmod)
Reading title:
Monovalent ion parameters for Ewald and TIP4P/EW water from Joung & Cheatham JPCB (2008)
>> loadAmberParams frcmod.ions234lm_126_tip4pew
Loading parameters: /home/au555720/micromamba/envs/AmberTools23/dat/leap/parm/frcmod.ions234lm_126_tip4pew
Reading force field modification type file (frcmod)
Reading title:
Li/Merz ion parameters of divalent to tetravalent ions for TIP4P/EW water model (12-6 normal usage set)
>> 
> 
> 
> # Load the PDB file of your molecule
> mol = loadPdb Output/wtRNA_rename.pdb 
Loading PDB file: ./Output/wtRNA_rename.pdb
Matching PDB residue names to LEaP variables.

/home/au555720/micromamba/envs/AmberTools23/bin/teLeap: Warning!
Unknown residue: C5   number: 0   type: Terminal/beginning
..relaxing end constraints to try for a dbase match

/home/au555720/micromamba/envs/AmberTools23/bin/teLeap: Warning!
  -no luck

/home/au555720/micromamba/envs/AmberTools23/bin/teLeap: Warning!
Unknown residue: G   number: 1   type: Nonterminal

/home/au555720/micromamba/envs/AmberTools23/bin/teLeap: Warning!
Unknown residue: A   number: 2   type: Nonterminal

/home/au555720/micromamba/envs/AmberTools23/bin/teLeap: Warning!
Unknown residue: A   number: 3   type: Nonterminal

/home/au555720/micromamba/envs/AmberTools23/bin/teLeap: Warning!
Unknown residue: U   number: 4   type: Nonterminal

/home/au555720/micromamba/envs/AmberTools23/bin/teLeap: Warning!
Unknown residue: U   number: 5   type: Nonterminal

/home/au555720/micromamba/envs/AmberTools23/bin/teLeap: Warning!
Unknown residue: C   number: 6   type: Nonterminal

/home/au555720/micromamba/envs/AmberTools23/bin/teLeap: Warning!
Unknown residue: G3   number: 7   type: Terminal/last
..relaxing end constraints to try for a dbase match

/home/au555720/micromamba/envs/AmberTools23/bin/teLeap: Warning!
  -no luck

/home/au555720/micromamba/envs/AmberTools23/bin/teLeap: Warning!
Unknown residue: C5   number: 8   type: Terminal/beginning
..relaxing end constraints to try for a dbase match

/home/au555720/micromamba/envs/AmberTools23/bin/teLeap: Warning!
  -no luck

/home/au555720/micromamba/envs/AmberTools23/bin/teLeap: Warning!
Unknown residue: G   number: 9   type: Nonterminal

/home/au555720/micromamba/envs/AmberTools23/bin/teLeap: Warning!
Unknown residue: A   number: 10   type: Nonterminal

/home/au555720/micromamba/envs/AmberTools23/bin/teLeap: Warning!
Unknown residue: A   number: 11   type: Nonterminal

/home/au555720/micromamba/envs/AmberTools23/bin/teLeap: Warning!
Unknown residue: U   number: 12   type: Nonterminal

/home/au555720/micromamba/envs/AmberTools23/bin/teLeap: Warning!
Unknown residue: U   number: 13   type: Nonterminal

/home/au555720/micromamba/envs/AmberTools23/bin/teLeap: Warning!
Unknown residue: C   number: 14   type: Nonterminal

/home/au555720/micromamba/envs/AmberTools23/bin/teLeap: Warning!
Unknown residue: G3   number: 15   type: Terminal/last
..relaxing end constraints to try for a dbase match

/home/au555720/micromamba/envs/AmberTools23/bin/teLeap: Warning!
  -no luck
Creating new UNIT for residue: C5 sequence: 1
Created a new atom named: C4' within residue: .R<C5 1>
Created a new atom named: O5' within residue: .R<C5 1>
Created a new atom named: O3' within residue: .R<C5 1>
Created a new atom named: O4' within residue: .R<C5 1>
Created a new atom named: C1' within residue: .R<C5 1>
Created a new atom named: C2' within residue: .R<C5 1>
Created a new atom named: C5' within residue: .R<C5 1>
Created a new atom named: C3' within residue: .R<C5 1>
Created a new atom named: C6 within residue: .R<C5 1>
Created a new atom named: C2 within residue: .R<C5 1>
Created a new atom named: N1 within residue: .R<C5 1>
Created a new atom named: N3 within residue: .R<C5 1>
Created a new atom named: N4 within residue: .R<C5 1>
Created a new atom named: O2 within residue: .R<C5 1>
Created a new atom named: C5 within residue: .R<C5 1>
Created a new atom named: C4 within residue: .R<C5 1>
Created a new atom named: O2' within residue: .R<C5 1>
Creating new UNIT for residue: G sequence: 2
Starting new chain with 
Created a new atom named: C4' within residue: .R<G 2>
Created a new atom named: O5' within residue: .R<G 2>
Created a new atom named: O3' within residue: .R<G 2>
Created a new atom named: O4' within residue: .R<G 2>
Created a new atom named: C1' within residue: .R<G 2>
Created a new atom named: OP1 within residue: .R<G 2>
Created a new atom named: C2' within residue: .R<G 2>
Created a new atom named: P within residue: .R<G 2>
Created a new atom named: OP2 within residue: .R<G 2>
Created a new atom named: C5' within residue: .R<G 2>
Created a new atom named: C3' within residue: .R<G 2>
Created a new atom named: C4 within residue: .R<G 2>
Created a new atom named: N1 within residue: .R<G 2>
Created a new atom named: N9 within residue: .R<G 2>
Created a new atom named: C8 within residue: .R<G 2>
Created a new atom named: O6 within residue: .R<G 2>
Created a new atom named: C2 within residue: .R<G 2>
Created a new atom named: N2 within residue: .R<G 2>
Created a new atom named: N3 within residue: .R<G 2>
Created a new atom named: C6 within residue: .R<G 2>
Created a new atom named: C5 within residue: .R<G 2>
Created a new atom named: N7 within residue: .R<G 2>
Created a new atom named: O2' within residue: .R<G 2>
Creating new UNIT for residue: A sequence: 3
Starting new chain with 
Created a new atom named: C4' within residue: .R<A 3>
Created a new atom named: O5' within residue: .R<A 3>
Created a new atom named: O3' within residue: .R<A 3>
Created a new atom named: O4' within residue: .R<A 3>
Created a new atom named: C1' within residue: .R<A 3>
Created a new atom named: OP1 within residue: .R<A 3>
Created a new atom named: C2' within residue: .R<A 3>
Created a new atom named: P within residue: .R<A 3>
Created a new atom named: OP2 within residue: .R<A 3>
Created a new atom named: C5' within residue: .R<A 3>
Created a new atom named: C3' within residue: .R<A 3>
Created a new atom named: C4 within residue: .R<A 3>
Created a new atom named: N9 within residue: .R<A 3>
Created a new atom named: C8 within residue: .R<A 3>
Created a new atom named: N6 within residue: .R<A 3>
Created a new atom named: N1 within residue: .R<A 3>
Created a new atom named: C2 within residue: .R<A 3>
Created a new atom named: N3 within residue: .R<A 3>
Created a new atom named: C6 within residue: .R<A 3>
Created a new atom named: C5 within residue: .R<A 3>
Created a new atom named: N7 within residue: .R<A 3>
Created a new atom named: O2' within residue: .R<A 3>
Creating new UNIT for residue: A sequence: 4
Starting new chain with 
Created a new atom named: C4' within residue: .R<A 4>
Created a new atom named: O5' within residue: .R<A 4>
Created a new atom named: O3' within residue: .R<A 4>
Created a new atom named: O4' within residue: .R<A 4>
Created a new atom named: C1' within residue: .R<A 4>
Created a new atom named: OP1 within residue: .R<A 4>
Created a new atom named: C2' within residue: .R<A 4>
Created a new atom named: P within residue: .R<A 4>
Created a new atom named: OP2 within residue: .R<A 4>
Created a new atom named: C5' within residue: .R<A 4>
Created a new atom named: C3' within residue: .R<A 4>
Created a new atom named: C4 within residue: .R<A 4>
Created a new atom named: N9 within residue: .R<A 4>
Created a new atom named: C8 within residue: .R<A 4>
Created a new atom named: N6 within residue: .R<A 4>
Created a new atom named: N1 within residue: .R<A 4>
Created a new atom named: C2 within residue: .R<A 4>
Created a new atom named: N3 within residue: .R<A 4>
Created a new atom named: C6 within residue: .R<A 4>
Created a new atom named: C5 within residue: .R<A 4>
Created a new atom named: N7 within residue: .R<A 4>
Created a new atom named: O2' within residue: .R<A 4>
Creating new UNIT for residue: U sequence: 5
Starting new chain with 
Created a new atom named: C4' within residue: .R<U 5>
Created a new atom named: O5' within residue: .R<U 5>
Created a new atom named: O3' within residue: .R<U 5>
Created a new atom named: O4' within residue: .R<U 5>
Created a new atom named: C1' within residue: .R<U 5>
Created a new atom named: OP1 within residue: .R<U 5>
Created a new atom named: C2' within residue: .R<U 5>
Created a new atom named: P within residue: .R<U 5>
Created a new atom named: OP2 within residue: .R<U 5>
Created a new atom named: C5' within residue: .R<U 5>
Created a new atom named: C3' within residue: .R<U 5>
Created a new atom named: O4 within residue: .R<U 5>
Created a new atom named: C6 within residue: .R<U 5>
Created a new atom named: C2 within residue: .R<U 5>
Created a new atom named: N1 within residue: .R<U 5>
Created a new atom named: N3 within residue: .R<U 5>
Created a new atom named: O2 within residue: .R<U 5>
Created a new atom named: C5 within residue: .R<U 5>
Created a new atom named: C4 within residue: .R<U 5>
Created a new atom named: O2' within residue: .R<U 5>
Creating new UNIT for residue: U sequence: 6
Starting new chain with 
Created a new atom named: C4' within residue: .R<U 6>
Created a new atom named: O5' within residue: .R<U 6>
Created a new atom named: O3' within residue: .R<U 6>
Created a new atom named: O4' within residue: .R<U 6>
Created a new atom named: C1' within residue: .R<U 6>
Created a new atom named: OP1 within residue: .R<U 6>
Created a new atom named: C2' within residue: .R<U 6>
Created a new atom named: P within residue: .R<U 6>
Created a new atom named: OP2 within residue: .R<U 6>
Created a new atom named: C5' within residue: .R<U 6>
Created a new atom named: C3' within residue: .R<U 6>
Created a new atom named: O4 within residue: .R<U 6>
Created a new atom named: C6 within residue: .R<U 6>
Created a new atom named: C2 within residue: .R<U 6>
Created a new atom named: N1 within residue: .R<U 6>
Created a new atom named: N3 within residue: .R<U 6>
Created a new atom named: O2 within residue: .R<U 6>
Created a new atom named: C5 within residue: .R<U 6>
Created a new atom named: C4 within residue: .R<U 6>
Created a new atom named: O2' within residue: .R<U 6>
Creating new UNIT for residue: C sequence: 7
Starting new chain with 
Created a new atom named: C4' within residue: .R<C 7>
Created a new atom named: O5' within residue: .R<C 7>
Created a new atom named: O3' within residue: .R<C 7>
Created a new atom named: O4' within residue: .R<C 7>
Created a new atom named: C1' within residue: .R<C 7>
Created a new atom named: OP1 within residue: .R<C 7>
Created a new atom named: C2' within residue: .R<C 7>
Created a new atom named: P within residue: .R<C 7>
Created a new atom named: OP2 within residue: .R<C 7>
Created a new atom named: C5' within residue: .R<C 7>
Created a new atom named: C3' within residue: .R<C 7>
Created a new atom named: C6 within residue: .R<C 7>
Created a new atom named: C2 within residue: .R<C 7>
Created a new atom named: N1 within residue: .R<C 7>
Created a new atom named: N3 within residue: .R<C 7>
Created a new atom named: N4 within residue: .R<C 7>
Created a new atom named: O2 within residue: .R<C 7>
Created a new atom named: C5 within residue: .R<C 7>
Created a new atom named: C4 within residue: .R<C 7>
Created a new atom named: O2' within residue: .R<C 7>
Creating new UNIT for residue: G3 sequence: 8
Starting new chain with 
Created a new atom named: C4' within residue: .R<G3 8>
Created a new atom named: O5' within residue: .R<G3 8>
Created a new atom named: O3' within residue: .R<G3 8>
Created a new atom named: O4' within residue: .R<G3 8>
Created a new atom named: C1' within residue: .R<G3 8>
Created a new atom named: OP1 within residue: .R<G3 8>
Created a new atom named: C2' within residue: .R<G3 8>
Created a new atom named: P within residue: .R<G3 8>
Created a new atom named: OP2 within residue: .R<G3 8>
Created a new atom named: C5' within residue: .R<G3 8>
Created a new atom named: C3' within residue: .R<G3 8>
Created a new atom named: C4 within residue: .R<G3 8>
Created a new atom named: N1 within residue: .R<G3 8>
Created a new atom named: N9 within residue: .R<G3 8>
Created a new atom named: C8 within residue: .R<G3 8>
Created a new atom named: O6 within residue: .R<G3 8>
Created a new atom named: C2 within residue: .R<G3 8>
Created a new atom named: N2 within residue: .R<G3 8>
Created a new atom named: N3 within residue: .R<G3 8>
Created a new atom named: C6 within residue: .R<G3 8>
Created a new atom named: C5 within residue: .R<G3 8>
Created a new atom named: N7 within residue: .R<G3 8>
Created a new atom named: O2' within residue: .R<G3 8>
Creating new UNIT for residue: C5 sequence: 9
Created a new atom named: C3' within residue: .R<C5 9>
Created a new atom named: O4' within residue: .R<C5 9>
Created a new atom named: C2' within residue: .R<C5 9>
Created a new atom named: O5' within residue: .R<C5 9>
Created a new atom named: O3' within residue: .R<C5 9>
Created a new atom named: C1' within residue: .R<C5 9>
Created a new atom named: C4' within residue: .R<C5 9>
Created a new atom named: C5' within residue: .R<C5 9>
Created a new atom named: C6 within residue: .R<C5 9>
Created a new atom named: C2 within residue: .R<C5 9>
Created a new atom named: N1 within residue: .R<C5 9>
Created a new atom named: N3 within residue: .R<C5 9>
Created a new atom named: N4 within residue: .R<C5 9>
Created a new atom named: O2 within residue: .R<C5 9>
Created a new atom named: C5 within residue: .R<C5 9>
Created a new atom named: C4 within residue: .R<C5 9>
Created a new atom named: O2' within residue: .R<C5 9>
Creating new UNIT for residue: G sequence: 10
Starting new chain with 
Created a new atom named: OP2 within residue: .R<G 10>
Created a new atom named: C3' within residue: .R<G 10>
Created a new atom named: O4' within residue: .R<G 10>
Created a new atom named: OP1 within residue: .R<G 10>
Created a new atom named: P within residue: .R<G 10>
Created a new atom named: C2' within residue: .R<G 10>
Created a new atom named: O5' within residue: .R<G 10>
Created a new atom named: O3' within residue: .R<G 10>
Created a new atom named: C1' within residue: .R<G 10>
Created a new atom named: C4' within residue: .R<G 10>
Created a new atom named: C5' within residue: .R<G 10>
Created a new atom named: C4 within residue: .R<G 10>
Created a new atom named: N1 within residue: .R<G 10>
Created a new atom named: N9 within residue: .R<G 10>
Created a new atom named: C8 within residue: .R<G 10>
Created a new atom named: O6 within residue: .R<G 10>
Created a new atom named: C2 within residue: .R<G 10>
Created a new atom named: N2 within residue: .R<G 10>
Created a new atom named: N3 within residue: .R<G 10>
Created a new atom named: C6 within residue: .R<G 10>
Created a new atom named: C5 within residue: .R<G 10>
Created a new atom named: N7 within residue: .R<G 10>
Created a new atom named: O2' within residue: .R<G 10>
Creating new UNIT for residue: A sequence: 11
Starting new chain with 
Created a new atom named: OP2 within residue: .R<A 11>
Created a new atom named: C3' within residue: .R<A 11>
Created a new atom named: O4' within residue: .R<A 11>
Created a new atom named: OP1 within residue: .R<A 11>
Created a new atom named: P within residue: .R<A 11>
Created a new atom named: C2' within residue: .R<A 11>
Created a new atom named: O5' within residue: .R<A 11>
Created a new atom named: O3' within residue: .R<A 11>
Created a new atom named: C1' within residue: .R<A 11>
Created a new atom named: C4' within residue: .R<A 11>
Created a new atom named: C5' within residue: .R<A 11>
Created a new atom named: C4 within residue: .R<A 11>
Created a new atom named: N9 within residue: .R<A 11>
Created a new atom named: C8 within residue: .R<A 11>
Created a new atom named: N6 within residue: .R<A 11>
Created a new atom named: N1 within residue: .R<A 11>
Created a new atom named: C2 within residue: .R<A 11>
Created a new atom named: N3 within residue: .R<A 11>
Created a new atom named: C6 within residue: .R<A 11>
Created a new atom named: C5 within residue: .R<A 11>
Created a new atom named: N7 within residue: .R<A 11>
Created a new atom named: O2' within residue: .R<A 11>
Creating new UNIT for residue: A sequence: 12
Starting new chain with 
Created a new atom named: OP2 within residue: .R<A 12>
Created a new atom named: C3' within residue: .R<A 12>
Created a new atom named: O4' within residue: .R<A 12>
Created a new atom named: OP1 within residue: .R<A 12>
Created a new atom named: P within residue: .R<A 12>
Created a new atom named: C2' within residue: .R<A 12>
Created a new atom named: O5' within residue: .R<A 12>
Created a new atom named: O3' within residue: .R<A 12>
Created a new atom named: C1' within residue: .R<A 12>
Created a new atom named: C4' within residue: .R<A 12>
Created a new atom named: C5' within residue: .R<A 12>
Created a new atom named: C4 within residue: .R<A 12>
Created a new atom named: N9 within residue: .R<A 12>
Created a new atom named: C8 within residue: .R<A 12>
Created a new atom named: N6 within residue: .R<A 12>
Created a new atom named: N1 within residue: .R<A 12>
Created a new atom named: C2 within residue: .R<A 12>
Created a new atom named: N3 within residue: .R<A 12>
Created a new atom named: C6 within residue: .R<A 12>
Created a new atom named: C5 within residue: .R<A 12>
Created a new atom named: N7 within residue: .R<A 12>
Created a new atom named: O2' within residue: .R<A 12>
Creating new UNIT for residue: U sequence: 13
Starting new chain with 
Created a new atom named: OP2 within residue: .R<U 13>
Created a new atom named: C3' within residue: .R<U 13>
Created a new atom named: O4' within residue: .R<U 13>
Created a new atom named: OP1 within residue: .R<U 13>
Created a new atom named: P within residue: .R<U 13>
Created a new atom named: C2' within residue: .R<U 13>
Created a new atom named: O5' within residue: .R<U 13>
Created a new atom named: O3' within residue: .R<U 13>
Created a new atom named: C1' within residue: .R<U 13>
Created a new atom named: C4' within residue: .R<U 13>
Created a new atom named: C5' within residue: .R<U 13>
Created a new atom named: O4 within residue: .R<U 13>
Created a new atom named: C6 within residue: .R<U 13>
Created a new atom named: C2 within residue: .R<U 13>
Created a new atom named: N1 within residue: .R<U 13>
Created a new atom named: N3 within residue: .R<U 13>
Created a new atom named: O2 within residue: .R<U 13>
Created a new atom named: C5 within residue: .R<U 13>
Created a new atom named: C4 within residue: .R<U 13>
Created a new atom named: O2' within residue: .R<U 13>
Creating new UNIT for residue: U sequence: 14
Starting new chain with 
Created a new atom named: OP2 within residue: .R<U 14>
Created a new atom named: C3' within residue: .R<U 14>
Created a new atom named: O4' within residue: .R<U 14>
Created a new atom named: OP1 within residue: .R<U 14>
Created a new atom named: P within residue: .R<U 14>
Created a new atom named: C2' within residue: .R<U 14>
Created a new atom named: O5' within residue: .R<U 14>
Created a new atom named: O3' within residue: .R<U 14>
Created a new atom named: C1' within residue: .R<U 14>
Created a new atom named: C4' within residue: .R<U 14>
Created a new atom named: C5' within residue: .R<U 14>
Created a new atom named: O4 within residue: .R<U 14>
Created a new atom named: C6 within residue: .R<U 14>
Created a new atom named: C2 within residue: .R<U 14>
Created a new atom named: N1 within residue: .R<U 14>
Created a new atom named: N3 within residue: .R<U 14>
Created a new atom named: O2 within residue: .R<U 14>
Created a new atom named: C5 within residue: .R<U 14>
Created a new atom named: C4 within residue: .R<U 14>
Created a new atom named: O2' within residue: .R<U 14>
Creating new UNIT for residue: C sequence: 15
Starting new chain with 
Created a new atom named: OP2 within residue: .R<C 15>
Created a new atom named: C3' within residue: .R<C 15>
Created a new atom named: O4' within residue: .R<C 15>
Created a new atom named: OP1 within residue: .R<C 15>
Created a new atom named: P within residue: .R<C 15>
Created a new atom named: C2' within residue: .R<C 15>
Created a new atom named: O5' within residue: .R<C 15>
Created a new atom named: O3' within residue: .R<C 15>
Created a new atom named: C1' within residue: .R<C 15>
Created a new atom named: C4' within residue: .R<C 15>
Created a new atom named: C5' within residue: .R<C 15>
Created a new atom named: C6 within residue: .R<C 15>
Created a new atom named: C2 within residue: .R<C 15>
Created a new atom named: N1 within residue: .R<C 15>
Created a new atom named: N3 within residue: .R<C 15>
Created a new atom named: N4 within residue: .R<C 15>
Created a new atom named: O2 within residue: .R<C 15>
Created a new atom named: C5 within residue: .R<C 15>
Created a new atom named: C4 within residue: .R<C 15>
Created a new atom named: O2' within residue: .R<C 15>
Creating new UNIT for residue: G3 sequence: 16
Starting new chain with 
Created a new atom named: OP2 within residue: .R<G3 16>
Created a new atom named: C3' within residue: .R<G3 16>
Created a new atom named: O4' within residue: .R<G3 16>
Created a new atom named: OP1 within residue: .R<G3 16>
Created a new atom named: P within residue: .R<G3 16>
Created a new atom named: C2' within residue: .R<G3 16>
Created a new atom named: O5' within residue: .R<G3 16>
Created a new atom named: O3' within residue: .R<G3 16>
Created a new atom named: C1' within residue: .R<G3 16>
Created a new atom named: C4' within residue: .R<G3 16>
Created a new atom named: C5' within residue: .R<G3 16>
Created a new atom named: C4 within residue: .R<G3 16>
Created a new atom named: N1 within residue: .R<G3 16>
Created a new atom named: N9 within residue: .R<G3 16>
Created a new atom named: C8 within residue: .R<G3 16>
Created a new atom named: O6 within residue: .R<G3 16>
Created a new atom named: C2 within residue: .R<G3 16>
Created a new atom named: N2 within residue: .R<G3 16>
Created a new atom named: N3 within residue: .R<G3 16>
Created a new atom named: C6 within residue: .R<G3 16>
Created a new atom named: C5 within residue: .R<G3 16>
Created a new atom named: N7 within residue: .R<G3 16>
Created a new atom named: O2' within residue: .R<G3 16>
  total atoms in file: 334
  The file contained 334 atoms not in residue templates
> 
> # Solvate the molecule in a box of TIP4PEW water
> solvateBox mol TIP4PEWBOX 10.0
 (using default radius 1.500000 for C4')
 (using default radius 1.500000 for O5')
 (using default radius 1.500000 for O3')
 (using default radius 1.500000 for O4')
 (using default radius 1.500000 for C1')
 (using default radius 1.500000 for C2')
 (using default radius 1.500000 for C5')
 (using default radius 1.500000 for C3')
 (using default radius 1.500000 for C6)
 (using default radius 1.500000 for C2)
 (using default radius 1.500000 for N1)
 (using default radius 1.500000 for N3)
 (using default radius 1.500000 for N4)
 (using default radius 1.500000 for O2)
 (using default radius 1.500000 for C5)
 (using default radius 1.500000 for C4)
 (using default radius 1.500000 for O2')
 (using default radius 1.500000 for C4')
 (using default radius 1.500000 for O5')
 (using default radius 1.500000 for O3')
 (using default radius 1.500000 for O4')
 (using default radius 1.500000 for C1')
 (using default radius 1.500000 for OP1)
 (using default radius 1.500000 for C2')
 (using default radius 1.500000 for P)
 (using default radius 1.500000 for OP2)
 (using default radius 1.500000 for C5')
 (using default radius 1.500000 for C3')
 (using default radius 1.500000 for C4)
 (using default radius 1.500000 for N1)
 (using default radius 1.500000 for N9)
 (using default radius 1.500000 for C8)
 (using default radius 1.500000 for O6)
 (using default radius 1.500000 for C2)
 (using default radius 1.500000 for N2)
 (using default radius 1.500000 for N3)
 (using default radius 1.500000 for C6)
 (using default radius 1.500000 for C5)
 (using default radius 1.500000 for N7)
 (using default radius 1.500000 for O2')
 (using default radius 1.500000 for C4')
 (using default radius 1.500000 for O5')
 (using default radius 1.500000 for O3')
 (using default radius 1.500000 for O4')
 (using default radius 1.500000 for C1')
 (using default radius 1.500000 for OP1)
 (using default radius 1.500000 for C2')
 (using default radius 1.500000 for P)
 (using default radius 1.500000 for OP2)
 (using default radius 1.500000 for C5')
 (using default radius 1.500000 for C3')
 (using default radius 1.500000 for C4)
 (using default radius 1.500000 for N9)
 (using default radius 1.500000 for C8)
 (using default radius 1.500000 for N6)
 (using default radius 1.500000 for N1)
 (using default radius 1.500000 for C2)
 (using default radius 1.500000 for N3)
 (using default radius 1.500000 for C6)
 (using default radius 1.500000 for C5)
 (using default radius 1.500000 for N7)
 (using default radius 1.500000 for O2')
 (using default radius 1.500000 for C4')
 (using default radius 1.500000 for O5')
 (using default radius 1.500000 for O3')
 (using default radius 1.500000 for O4')
 (using default radius 1.500000 for C1')
 (using default radius 1.500000 for OP1)
 (using default radius 1.500000 for C2')
 (using default radius 1.500000 for P)
 (using default radius 1.500000 for OP2)
 (using default radius 1.500000 for C5')
 (using default radius 1.500000 for C3')
 (using default radius 1.500000 for C4)
 (using default radius 1.500000 for N9)
 (using default radius 1.500000 for C8)
 (using default radius 1.500000 for N6)
 (using default radius 1.500000 for N1)
 (using default radius 1.500000 for C2)
 (using default radius 1.500000 for N3)
 (using default radius 1.500000 for C6)
 (using default radius 1.500000 for C5)
 (using default radius 1.500000 for N7)
 (using default radius 1.500000 for O2')
 (using default radius 1.500000 for C4')
 (using default radius 1.500000 for O5')
 (using default radius 1.500000 for O3')
 (using default radius 1.500000 for O4')
 (using default radius 1.500000 for C1')
 (using default radius 1.500000 for OP1)
 (using default radius 1.500000 for C2')
 (using default radius 1.500000 for P)
 (using default radius 1.500000 for OP2)
 (using default radius 1.500000 for C5')
 (using default radius 1.500000 for C3')
 (using default radius 1.500000 for O4)
 (using default radius 1.500000 for C6)
 (using default radius 1.500000 for C2)
 (using default radius 1.500000 for N1)
 (using default radius 1.500000 for N3)
 (using default radius 1.500000 for O2)
 (using default radius 1.500000 for C5)
 (using default radius 1.500000 for C4)
 (using default radius 1.500000 for O2')
 (using default radius 1.500000 for C4')
 (using default radius 1.500000 for O5')
 (using default radius 1.500000 for O3')
 (using default radius 1.500000 for O4')
 (using default radius 1.500000 for C1')
 (using default radius 1.500000 for OP1)
 (using default radius 1.500000 for C2')
 (using default radius 1.500000 for P)
 (using default radius 1.500000 for OP2)
 (using default radius 1.500000 for C5')
 (using default radius 1.500000 for C3')
 (using default radius 1.500000 for O4)
 (using default radius 1.500000 for C6)
 (using default radius 1.500000 for C2)
 (using default radius 1.500000 for N1)
 (using default radius 1.500000 for N3)
 (using default radius 1.500000 for O2)
 (using default radius 1.500000 for C5)
 (using default radius 1.500000 for C4)
 (using default radius 1.500000 for O2')
 (using default radius 1.500000 for C4')
 (using default radius 1.500000 for O5')
 (using default radius 1.500000 for O3')
 (using default radius 1.500000 for O4')
 (using default radius 1.500000 for C1')
 (using default radius 1.500000 for OP1)
 (using default radius 1.500000 for C2')
 (using default radius 1.500000 for P)
 (using default radius 1.500000 for OP2)
 (using default radius 1.500000 for C5')
 (using default radius 1.500000 for C3')
 (using default radius 1.500000 for C6)
 (using default radius 1.500000 for C2)
 (using default radius 1.500000 for N1)
 (using default radius 1.500000 for N3)
 (using default radius 1.500000 for N4)
 (using default radius 1.500000 for O2)
 (using default radius 1.500000 for C5)
 (using default radius 1.500000 for C4)
 (using default radius 1.500000 for O2')
 (using default radius 1.500000 for C4')
 (using default radius 1.500000 for O5')
 (using default radius 1.500000 for O3')
 (using default radius 1.500000 for O4')
 (using default radius 1.500000 for C1')
 (using default radius 1.500000 for OP1)
 (using default radius 1.500000 for C2')
 (using default radius 1.500000 for P)
 (using default radius 1.500000 for OP2)
 (using default radius 1.500000 for C5')
 (using default radius 1.500000 for C3')
 (using default radius 1.500000 for C4)
 (using default radius 1.500000 for N1)
 (using default radius 1.500000 for N9)
 (using default radius 1.500000 for C8)
 (using default radius 1.500000 for O6)
 (using default radius 1.500000 for C2)
 (using default radius 1.500000 for N2)
 (using default radius 1.500000 for N3)
 (using default radius 1.500000 for C6)
 (using default radius 1.500000 for C5)
 (using default radius 1.500000 for N7)
 (using default radius 1.500000 for O2')
 (using default radius 1.500000 for C3')
 (using default radius 1.500000 for O4')
 (using default radius 1.500000 for C2')
 (using default radius 1.500000 for O5')
 (using default radius 1.500000 for O3')
 (using default radius 1.500000 for C1')
 (using default radius 1.500000 for C4')
 (using default radius 1.500000 for C5')
 (using default radius 1.500000 for C6)
 (using default radius 1.500000 for C2)
 (using default radius 1.500000 for N1)
 (using default radius 1.500000 for N3)
 (using default radius 1.500000 for N4)
 (using default radius 1.500000 for O2)
 (using default radius 1.500000 for C5)
 (using default radius 1.500000 for C4)
 (using default radius 1.500000 for O2')
 (using default radius 1.500000 for OP2)
 (using default radius 1.500000 for C3')
 (using default radius 1.500000 for O4')
 (using default radius 1.500000 for OP1)
 (using default radius 1.500000 for P)
 (using default radius 1.500000 for C2')
 (using default radius 1.500000 for O5')
 (using default radius 1.500000 for O3')
 (using default radius 1.500000 for C1')
 (using default radius 1.500000 for C4')
 (using default radius 1.500000 for C5')
 (using default radius 1.500000 for C4)
 (using default radius 1.500000 for N1)
 (using default radius 1.500000 for N9)
 (using default radius 1.500000 for C8)
 (using default radius 1.500000 for O6)
 (using default radius 1.500000 for C2)
 (using default radius 1.500000 for N2)
 (using default radius 1.500000 for N3)
 (using default radius 1.500000 for C6)
 (using default radius 1.500000 for C5)
 (using default radius 1.500000 for N7)
 (using default radius 1.500000 for O2')
 (using default radius 1.500000 for OP2)
 (using default radius 1.500000 for C3')
 (using default radius 1.500000 for O4')
 (using default radius 1.500000 for OP1)
 (using default radius 1.500000 for P)
 (using default radius 1.500000 for C2')
 (using default radius 1.500000 for O5')
 (using default radius 1.500000 for O3')
 (using default radius 1.500000 for C1')
 (using default radius 1.500000 for C4')
 (using default radius 1.500000 for C5')
 (using default radius 1.500000 for C4)
 (using default radius 1.500000 for N9)
 (using default radius 1.500000 for C8)
 (using default radius 1.500000 for N6)
 (using default radius 1.500000 for N1)
 (using default radius 1.500000 for C2)
 (using default radius 1.500000 for N3)
 (using default radius 1.500000 for C6)
 (using default radius 1.500000 for C5)
 (using default radius 1.500000 for N7)
 (using default radius 1.500000 for O2')
 (using default radius 1.500000 for OP2)
 (using default radius 1.500000 for C3')
 (using default radius 1.500000 for O4')
 (using default radius 1.500000 for OP1)
 (using default radius 1.500000 for P)
 (using default radius 1.500000 for C2')
 (using default radius 1.500000 for O5')
 (using default radius 1.500000 for O3')
 (using default radius 1.500000 for C1')
 (using default radius 1.500000 for C4')
 (using default radius 1.500000 for C5')
 (using default radius 1.500000 for C4)
 (using default radius 1.500000 for N9)
 (using default radius 1.500000 for C8)
 (using default radius 1.500000 for N6)
 (using default radius 1.500000 for N1)
 (using default radius 1.500000 for C2)
 (using default radius 1.500000 for N3)
 (using default radius 1.500000 for C6)
 (using default radius 1.500000 for C5)
 (using default radius 1.500000 for N7)
 (using default radius 1.500000 for O2')
 (using default radius 1.500000 for OP2)
 (using default radius 1.500000 for C3')
 (using default radius 1.500000 for O4')
 (using default radius 1.500000 for OP1)
 (using default radius 1.500000 for P)
 (using default radius 1.500000 for C2')
 (using default radius 1.500000 for O5')
 (using default radius 1.500000 for O3')
 (using default radius 1.500000 for C1')
 (using default radius 1.500000 for C4')
 (using default radius 1.500000 for C5')
 (using default radius 1.500000 for O4)
 (using default radius 1.500000 for C6)
 (using default radius 1.500000 for C2)
 (using default radius 1.500000 for N1)
 (using default radius 1.500000 for N3)
 (using default radius 1.500000 for O2)
 (using default radius 1.500000 for C5)
 (using default radius 1.500000 for C4)
 (using default radius 1.500000 for O2')
 (using default radius 1.500000 for OP2)
 (using default radius 1.500000 for C3')
 (using default radius 1.500000 for O4')
 (using default radius 1.500000 for OP1)
 (using default radius 1.500000 for P)
 (using default radius 1.500000 for C2')
 (using default radius 1.500000 for O5')
 (using default radius 1.500000 for O3')
 (using default radius 1.500000 for C1')
 (using default radius 1.500000 for C4')
 (using default radius 1.500000 for C5')
 (using default radius 1.500000 for O4)
 (using default radius 1.500000 for C6)
 (using default radius 1.500000 for C2)
 (using default radius 1.500000 for N1)
 (using default radius 1.500000 for N3)
 (using default radius 1.500000 for O2)
 (using default radius 1.500000 for C5)
 (using default radius 1.500000 for C4)
 (using default radius 1.500000 for O2')
 (using default radius 1.500000 for OP2)
 (using default radius 1.500000 for C3')
 (using default radius 1.500000 for O4')
 (using default radius 1.500000 for OP1)
 (using default radius 1.500000 for P)
 (using default radius 1.500000 for C2')
 (using default radius 1.500000 for O5')
 (using default radius 1.500000 for O3')
 (using default radius 1.500000 for C1')
 (using default radius 1.500000 for C4')
 (using default radius 1.500000 for C5')
 (using default radius 1.500000 for C6)
 (using default radius 1.500000 for C2)
 (using default radius 1.500000 for N1)
 (using default radius 1.500000 for N3)
 (using default radius 1.500000 for N4)
 (using default radius 1.500000 for O2)
 (using default radius 1.500000 for C5)
 (using default radius 1.500000 for C4)
 (using default radius 1.500000 for O2')
 (using default radius 1.500000 for OP2)
 (using default radius 1.500000 for C3')
 (using default radius 1.500000 for O4')
 (using default radius 1.500000 for OP1)
 (using default radius 1.500000 for P)
 (using default radius 1.500000 for C2')
 (using default radius 1.500000 for O5')
 (using default radius 1.500000 for O3')
 (using default radius 1.500000 for C1')
 (using default radius 1.500000 for C4')
 (using default radius 1.500000 for C5')
 (using default radius 1.500000 for C4)
 (using default radius 1.500000 for N1)
 (using default radius 1.500000 for N9)
 (using default radius 1.500000 for C8)
 (using default radius 1.500000 for O6)
 (using default radius 1.500000 for C2)
 (using default radius 1.500000 for N2)
 (using default radius 1.500000 for N3)
 (using default radius 1.500000 for C6)
 (using default radius 1.500000 for C5)
 (using default radius 1.500000 for N7)
 (using default radius 1.500000 for O2')
  Solute vdw bounding box:              30.650 23.892 26.644
  Total bounding box for atom centers:  50.650 43.892 46.644
  Solvent unit box:                     18.860 18.867 18.860
The number of boxes:  x= 3  y= 3  z= 3
 (using default radius 1.500000 for C4')
 (using default radius 1.500000 for O5')
 (using default radius 1.500000 for O3')
 (using default radius 1.500000 for O4')
 (using default radius 1.500000 for C1')
 (using default radius 1.500000 for C2')
 (using default radius 1.500000 for C5')
 (using default radius 1.500000 for C3')
 (using default radius 1.500000 for C6)
 (using default radius 1.500000 for C2)
 (using default radius 1.500000 for N1)
 (using default radius 1.500000 for N3)
 (using default radius 1.500000 for N4)
 (using default radius 1.500000 for O2)
 (using default radius 1.500000 for C5)
 (using default radius 1.500000 for C4)
 (using default radius 1.500000 for O2')
 (using default radius 1.500000 for C4')
 (using default radius 1.500000 for O5')
 (using default radius 1.500000 for O3')
 (using default radius 1.500000 for O4')
 (using default radius 1.500000 for C1')
 (using default radius 1.500000 for OP1)
 (using default radius 1.500000 for C2')
 (using default radius 1.500000 for P)
 (using default radius 1.500000 for OP2)
 (using default radius 1.500000 for C5')
 (using default radius 1.500000 for C3')
 (using default radius 1.500000 for C4)
 (using default radius 1.500000 for N1)
 (using default radius 1.500000 for N9)
 (using default radius 1.500000 for C8)
 (using default radius 1.500000 for O6)
 (using default radius 1.500000 for C2)
 (using default radius 1.500000 for N2)
 (using default radius 1.500000 for N3)
 (using default radius 1.500000 for C6)
 (using default radius 1.500000 for C5)
 (using default radius 1.500000 for N7)
 (using default radius 1.500000 for O2')
 (using default radius 1.500000 for C4')
 (using default radius 1.500000 for O5')
 (using default radius 1.500000 for O3')
 (using default radius 1.500000 for O4')
 (using default radius 1.500000 for C1')
 (using default radius 1.500000 for OP1)
 (using default radius 1.500000 for C2')
 (using default radius 1.500000 for P)
 (using default radius 1.500000 for OP2)
 (using default radius 1.500000 for C5')
 (using default radius 1.500000 for C3')
 (using default radius 1.500000 for C4)
 (using default radius 1.500000 for N9)
 (using default radius 1.500000 for C8)
 (using default radius 1.500000 for N6)
 (using default radius 1.500000 for N1)
 (using default radius 1.500000 for C2)
 (using default radius 1.500000 for N3)
 (using default radius 1.500000 for C6)
 (using default radius 1.500000 for C5)
 (using default radius 1.500000 for N7)
 (using default radius 1.500000 for O2')
 (using default radius 1.500000 for C4')
 (using default radius 1.500000 for O5')
 (using default radius 1.500000 for O3')
 (using default radius 1.500000 for O4')
 (using default radius 1.500000 for C1')
 (using default radius 1.500000 for OP1)
 (using default radius 1.500000 for C2')
 (using default radius 1.500000 for P)
 (using default radius 1.500000 for OP2)
 (using default radius 1.500000 for C5')
 (using default radius 1.500000 for C3')
 (using default radius 1.500000 for C4)
 (using default radius 1.500000 for N9)
 (using default radius 1.500000 for C8)
 (using default radius 1.500000 for N6)
 (using default radius 1.500000 for N1)
 (using default radius 1.500000 for C2)
 (using default radius 1.500000 for N3)
 (using default radius 1.500000 for C6)
 (using default radius 1.500000 for C5)
 (using default radius 1.500000 for N7)
 (using default radius 1.500000 for O2')
 (using default radius 1.500000 for C4')
 (using default radius 1.500000 for O5')
 (using default radius 1.500000 for O3')
 (using default radius 1.500000 for O4')
 (using default radius 1.500000 for C1')
 (using default radius 1.500000 for OP1)
 (using default radius 1.500000 for C2')
 (using default radius 1.500000 for P)
 (using default radius 1.500000 for OP2)
 (using default radius 1.500000 for C5')
 (using default radius 1.500000 for C3')
 (using default radius 1.500000 for O4)
 (using default radius 1.500000 for C6)
 (using default radius 1.500000 for C2)
 (using default radius 1.500000 for N1)
 (using default radius 1.500000 for N3)
 (using default radius 1.500000 for O2)
 (using default radius 1.500000 for C5)
 (using default radius 1.500000 for C4)
 (using default radius 1.500000 for O2')
 (using default radius 1.500000 for C4')
 (using default radius 1.500000 for O5')
 (using default radius 1.500000 for O3')
 (using default radius 1.500000 for O4')
 (using default radius 1.500000 for C1')
 (using default radius 1.500000 for OP1)
 (using default radius 1.500000 for C2')
 (using default radius 1.500000 for P)
 (using default radius 1.500000 for OP2)
 (using default radius 1.500000 for C5')
 (using default radius 1.500000 for C3')
 (using default radius 1.500000 for O4)
 (using default radius 1.500000 for C6)
 (using default radius 1.500000 for C2)
 (using default radius 1.500000 for N1)
 (using default radius 1.500000 for N3)
 (using default radius 1.500000 for O2)
 (using default radius 1.500000 for C5)
 (using default radius 1.500000 for C4)
 (using default radius 1.500000 for O2')
 (using default radius 1.500000 for C4')
 (using default radius 1.500000 for O5')
 (using default radius 1.500000 for O3')
 (using default radius 1.500000 for O4')
 (using default radius 1.500000 for C1')
 (using default radius 1.500000 for OP1)
 (using default radius 1.500000 for C2')
 (using default radius 1.500000 for P)
 (using default radius 1.500000 for OP2)
 (using default radius 1.500000 for C5')
 (using default radius 1.500000 for C3')
 (using default radius 1.500000 for C6)
 (using default radius 1.500000 for C2)
 (using default radius 1.500000 for N1)
 (using default radius 1.500000 for N3)
 (using default radius 1.500000 for N4)
 (using default radius 1.500000 for O2)
 (using default radius 1.500000 for C5)
 (using default radius 1.500000 for C4)
 (using default radius 1.500000 for O2')
 (using default radius 1.500000 for C4')
 (using default radius 1.500000 for O5')
 (using default radius 1.500000 for O3')
 (using default radius 1.500000 for O4')
 (using default radius 1.500000 for C1')
 (using default radius 1.500000 for OP1)
 (using default radius 1.500000 for C2')
 (using default radius 1.500000 for P)
 (using default radius 1.500000 for OP2)
 (using default radius 1.500000 for C5')
 (using default radius 1.500000 for C3')
 (using default radius 1.500000 for C4)
 (using default radius 1.500000 for N1)
 (using default radius 1.500000 for N9)
 (using default radius 1.500000 for C8)
 (using default radius 1.500000 for O6)
 (using default radius 1.500000 for C2)
 (using default radius 1.500000 for N2)
 (using default radius 1.500000 for N3)
 (using default radius 1.500000 for C6)
 (using default radius 1.500000 for C5)
 (using default radius 1.500000 for N7)
 (using default radius 1.500000 for O2')
 (using default radius 1.500000 for C3')
 (using default radius 1.500000 for O4')
 (using default radius 1.500000 for C2')
 (using default radius 1.500000 for O5')
 (using default radius 1.500000 for O3')
 (using default radius 1.500000 for C1')
 (using default radius 1.500000 for C4')
 (using default radius 1.500000 for C5')
 (using default radius 1.500000 for C6)
 (using default radius 1.500000 for C2)
 (using default radius 1.500000 for N1)
 (using default radius 1.500000 for N3)
 (using default radius 1.500000 for N4)
 (using default radius 1.500000 for O2)
 (using default radius 1.500000 for C5)
 (using default radius 1.500000 for C4)
 (using default radius 1.500000 for O2')
 (using default radius 1.500000 for OP2)
 (using default radius 1.500000 for C3')
 (using default radius 1.500000 for O4')
 (using default radius 1.500000 for OP1)
 (using default radius 1.500000 for P)
 (using default radius 1.500000 for C2')
 (using default radius 1.500000 for O5')
 (using default radius 1.500000 for O3')
 (using default radius 1.500000 for C1')
 (using default radius 1.500000 for C4')
 (using default radius 1.500000 for C5')
 (using default radius 1.500000 for C4)
 (using default radius 1.500000 for N1)
 (using default radius 1.500000 for N9)
 (using default radius 1.500000 for C8)
 (using default radius 1.500000 for O6)
 (using default radius 1.500000 for C2)
 (using default radius 1.500000 for N2)
 (using default radius 1.500000 for N3)
 (using default radius 1.500000 for C6)
 (using default radius 1.500000 for C5)
 (using default radius 1.500000 for N7)
 (using default radius 1.500000 for O2')
 (using default radius 1.500000 for OP2)
 (using default radius 1.500000 for C3')
 (using default radius 1.500000 for O4')
 (using default radius 1.500000 for OP1)
 (using default radius 1.500000 for P)
 (using default radius 1.500000 for C2')
 (using default radius 1.500000 for O5')
 (using default radius 1.500000 for O3')
 (using default radius 1.500000 for C1')
 (using default radius 1.500000 for C4')
 (using default radius 1.500000 for C5')
 (using default radius 1.500000 for C4)
 (using default radius 1.500000 for N9)
 (using default radius 1.500000 for C8)
 (using default radius 1.500000 for N6)
 (using default radius 1.500000 for N1)
 (using default radius 1.500000 for C2)
 (using default radius 1.500000 for N3)
 (using default radius 1.500000 for C6)
 (using default radius 1.500000 for C5)
 (using default radius 1.500000 for N7)
 (using default radius 1.500000 for O2')
 (using default radius 1.500000 for OP2)
 (using default radius 1.500000 for C3')
 (using default radius 1.500000 for O4')
 (using default radius 1.500000 for OP1)
 (using default radius 1.500000 for P)
 (using default radius 1.500000 for C2')
 (using default radius 1.500000 for O5')
 (using default radius 1.500000 for O3')
 (using default radius 1.500000 for C1')
 (using default radius 1.500000 for C4')
 (using default radius 1.500000 for C5')
 (using default radius 1.500000 for C4)
 (using default radius 1.500000 for N9)
 (using default radius 1.500000 for C8)
 (using default radius 1.500000 for N6)
 (using default radius 1.500000 for N1)
 (using default radius 1.500000 for C2)
 (using default radius 1.500000 for N3)
 (using default radius 1.500000 for C6)
 (using default radius 1.500000 for C5)
 (using default radius 1.500000 for N7)
 (using default radius 1.500000 for O2')
 (using default radius 1.500000 for OP2)
 (using default radius 1.500000 for C3')
 (using default radius 1.500000 for O4')
 (using default radius 1.500000 for OP1)
 (using default radius 1.500000 for P)
 (using default radius 1.500000 for C2')
 (using default radius 1.500000 for O5')
 (using default radius 1.500000 for O3')
 (using default radius 1.500000 for C1')
 (using default radius 1.500000 for C4')
 (using default radius 1.500000 for C5')
 (using default radius 1.500000 for O4)
 (using default radius 1.500000 for C6)
 (using default radius 1.500000 for C2)
 (using default radius 1.500000 for N1)
 (using default radius 1.500000 for N3)
 (using default radius 1.500000 for O2)
 (using default radius 1.500000 for C5)
 (using default radius 1.500000 for C4)
 (using default radius 1.500000 for O2')
 (using default radius 1.500000 for OP2)
 (using default radius 1.500000 for C3')
 (using default radius 1.500000 for O4')
 (using default radius 1.500000 for OP1)
 (using default radius 1.500000 for P)
 (using default radius 1.500000 for C2')
 (using default radius 1.500000 for O5')
 (using default radius 1.500000 for O3')
 (using default radius 1.500000 for C1')
 (using default radius 1.500000 for C4')
 (using default radius 1.500000 for C5')
 (using default radius 1.500000 for O4)
 (using default radius 1.500000 for C6)
 (using default radius 1.500000 for C2)
 (using default radius 1.500000 for N1)
 (using default radius 1.500000 for N3)
 (using default radius 1.500000 for O2)
 (using default radius 1.500000 for C5)
 (using default radius 1.500000 for C4)
 (using default radius 1.500000 for O2')
 (using default radius 1.500000 for OP2)
 (using default radius 1.500000 for C3')
 (using default radius 1.500000 for O4')
 (using default radius 1.500000 for OP1)
 (using default radius 1.500000 for P)
 (using default radius 1.500000 for C2')
 (using default radius 1.500000 for O5')
 (using default radius 1.500000 for O3')
 (using default radius 1.500000 for C1')
 (using default radius 1.500000 for C4')
 (using default radius 1.500000 for C5')
 (using default radius 1.500000 for C6)
 (using default radius 1.500000 for C2)
 (using default radius 1.500000 for N1)
 (using default radius 1.500000 for N3)
 (using default radius 1.500000 for N4)
 (using default radius 1.500000 for O2)
 (using default radius 1.500000 for C5)
 (using default radius 1.500000 for C4)
 (using default radius 1.500000 for O2')
 (using default radius 1.500000 for OP2)
 (using default radius 1.500000 for C3')
 (using default radius 1.500000 for O4')
 (using default radius 1.500000 for OP1)
 (using default radius 1.500000 for P)
 (using default radius 1.500000 for C2')
 (using default radius 1.500000 for O5')
 (using default radius 1.500000 for O3')
 (using default radius 1.500000 for C1')
 (using default radius 1.500000 for C4')
 (using default radius 1.500000 for C5')
 (using default radius 1.500000 for C4)
 (using default radius 1.500000 for N1)
 (using default radius 1.500000 for N9)
 (using default radius 1.500000 for C8)
 (using default radius 1.500000 for O6)
 (using default radius 1.500000 for C2)
 (using default radius 1.500000 for N2)
 (using default radius 1.500000 for N3)
 (using default radius 1.500000 for C6)
 (using default radius 1.500000 for C5)
 (using default radius 1.500000 for N7)
 (using default radius 1.500000 for O2')
  Total vdw box size:                   53.523 47.117 49.384 angstroms.
  Volume: 124537.670 A^3 
  Mass > 52210.368 amu,  Density > 0.696 g/cc
      (type - hence mass - of one or more atoms could not be found)
  Added 2898 residues.
> 
> # Add ions to neutralize the system and reach 0.05 M MgCl2 concentration 
> addIonsRand mol MG 10
MG has a charge of 0.
Adding the ions anyway.
Adding 10 counter ions to "mol". 2888 solvent molecules will remain.
0: Placed MG in mol at (19.35, 17.96, -1.10).
0: Placed MG in mol at (22.77, -11.27, -22.61).
0: Placed MG in mol at (-19.90, -18.37, -2.90).
0: Placed MG in mol at (24.93, -9.07, 11.65).
0: Placed MG in mol at (-21.93, -15.91, -17.98).
0: Placed MG in mol at (-16.53, 11.29, 5.19).
0: Placed MG in mol at (-12.07, 20.65, 1.20).
0: Placed MG in mol at (-12.73, -20.27, 13.32).
0: Placed MG in mol at (21.14, -12.05, -5.79).
0: Placed MG in mol at (20.06, -3.87, 10.91).
> addIonsRand mol Cl- 10 
Adding 10 counter ions to "mol". 2878 solvent molecules will remain.
0: Placed Cl- in mol at (11.70, 3.15, 15.77).
0: Placed Cl- in mol at (-23.69, 10.00, -19.59).
0: Placed Cl- in mol at (22.20, 4.71, -18.74).
0: Placed Cl- in mol at (-19.03, -8.56, 9.51).
0: Placed Cl- in mol at (-1.82, -16.45, 13.86).
0: Placed Cl- in mol at (2.02, 15.17, 0.23).
0: Placed Cl- in mol at (7.86, 20.08, -13.88).
0: Placed Cl- in mol at (-5.26, 5.24, -0.72).
0: Placed Cl- in mol at (14.40, 15.63, -16.01).
0: Placed Cl- in mol at (23.71, 21.11, -6.41).
> 
> 
> # Save the parameter and coordinate files
> saveAmberParm mol Output/wtRNA_solv.prmtop Output/wtRNA_solv.inpcrd
Checking Unit.

/home/au555720/micromamba/envs/AmberTools23/bin/teLeap: Warning!
The unperturbed charge of the unit (10.000000) is not zero.
FATAL:  Atom .R<C5 1>.A<C4' 1> does not have a type.
FATAL:  Atom .R<C5 1>.A<O5' 2> does not have a type.
FATAL:  Atom .R<C5 1>.A<O3' 3> does not have a type.
FATAL:  Atom .R<C5 1>.A<O4' 4> does not have a type.
FATAL:  Atom .R<C5 1>.A<C1' 5> does not have a type.
FATAL:  Atom .R<C5 1>.A<C2' 6> does not have a type.
FATAL:  Atom .R<C5 1>.A<C5' 7> does not have a type.
FATAL:  Atom .R<C5 1>.A<C3' 8> does not have a type.
FATAL:  Atom .R<C5 1>.A<C6 9> does not have a type.
FATAL:  Atom .R<C5 1>.A<C2 10> does not have a type.
FATAL:  Atom .R<C5 1>.A<N1 11> does not have a type.
FATAL:  Atom .R<C5 1>.A<N3 12> does not have a type.
FATAL:  Atom .R<C5 1>.A<N4 13> does not have a type.
FATAL:  Atom .R<C5 1>.A<O2 14> does not have a type.
FATAL:  Atom .R<C5 1>.A<C5 15> does not have a type.
FATAL:  Atom .R<C5 1>.A<C4 16> does not have a type.
FATAL:  Atom .R<C5 1>.A<O2' 17> does not have a type.
FATAL:  Atom .R<G 2>.A<C4' 1> does not have a type.
FATAL:  Atom .R<G 2>.A<O5' 2> does not have a type.
FATAL:  Atom .R<G 2>.A<O3' 3> does not have a type.
FATAL:  Atom .R<G 2>.A<O4' 4> does not have a type.
FATAL:  Atom .R<G 2>.A<C1' 5> does not have a type.
FATAL:  Atom .R<G 2>.A<OP1 6> does not have a type.
FATAL:  Atom .R<G 2>.A<C2' 7> does not have a type.
FATAL:  Atom .R<G 2>.A<P 8> does not have a type.
FATAL:  Atom .R<G 2>.A<OP2 9> does not have a type.
FATAL:  Atom .R<G 2>.A<C5' 10> does not have a type.
FATAL:  Atom .R<G 2>.A<C3' 11> does not have a type.
FATAL:  Atom .R<G 2>.A<C4 12> does not have a type.
FATAL:  Atom .R<G 2>.A<N1 13> does not have a type.
FATAL:  Atom .R<G 2>.A<N9 14> does not have a type.
FATAL:  Atom .R<G 2>.A<C8 15> does not have a type.
FATAL:  Atom .R<G 2>.A<O6 16> does not have a type.
FATAL:  Atom .R<G 2>.A<C2 17> does not have a type.
FATAL:  Atom .R<G 2>.A<N2 18> does not have a type.
FATAL:  Atom .R<G 2>.A<N3 19> does not have a type.
FATAL:  Atom .R<G 2>.A<C6 20> does not have a type.
FATAL:  Atom .R<G 2>.A<C5 21> does not have a type.
FATAL:  Atom .R<G 2>.A<N7 22> does not have a type.
FATAL:  Atom .R<G 2>.A<O2' 23> does not have a type.
FATAL:  Atom .R<A 3>.A<C4' 1> does not have a type.
FATAL:  Atom .R<A 3>.A<O5' 2> does not have a type.
FATAL:  Atom .R<A 3>.A<O3' 3> does not have a type.
FATAL:  Atom .R<A 3>.A<O4' 4> does not have a type.
FATAL:  Atom .R<A 3>.A<C1' 5> does not have a type.
FATAL:  Atom .R<A 3>.A<OP1 6> does not have a type.
FATAL:  Atom .R<A 3>.A<C2' 7> does not have a type.
FATAL:  Atom .R<A 3>.A<P 8> does not have a type.
FATAL:  Atom .R<A 3>.A<OP2 9> does not have a type.
FATAL:  Atom .R<A 3>.A<C5' 10> does not have a type.
FATAL:  Atom .R<A 3>.A<C3' 11> does not have a type.
FATAL:  Atom .R<A 3>.A<C4 12> does not have a type.
FATAL:  Atom .R<A 3>.A<N9 13> does not have a type.
FATAL:  Atom .R<A 3>.A<C8 14> does not have a type.
FATAL:  Atom .R<A 3>.A<N6 15> does not have a type.
FATAL:  Atom .R<A 3>.A<N1 16> does not have a type.
FATAL:  Atom .R<A 3>.A<C2 17> does not have a type.
FATAL:  Atom .R<A 3>.A<N3 18> does not have a type.
FATAL:  Atom .R<A 3>.A<C6 19> does not have a type.
FATAL:  Atom .R<A 3>.A<C5 20> does not have a type.
FATAL:  Atom .R<A 3>.A<N7 21> does not have a type.
FATAL:  Atom .R<A 3>.A<O2' 22> does not have a type.
FATAL:  Atom .R<A 4>.A<C4' 1> does not have a type.
FATAL:  Atom .R<A 4>.A<O5' 2> does not have a type.
FATAL:  Atom .R<A 4>.A<O3' 3> does not have a type.
FATAL:  Atom .R<A 4>.A<O4' 4> does not have a type.
FATAL:  Atom .R<A 4>.A<C1' 5> does not have a type.
FATAL:  Atom .R<A 4>.A<OP1 6> does not have a type.
FATAL:  Atom .R<A 4>.A<C2' 7> does not have a type.
FATAL:  Atom .R<A 4>.A<P 8> does not have a type.
FATAL:  Atom .R<A 4>.A<OP2 9> does not have a type.
FATAL:  Atom .R<A 4>.A<C5' 10> does not have a type.
FATAL:  Atom .R<A 4>.A<C3' 11> does not have a type.
FATAL:  Atom .R<A 4>.A<C4 12> does not have a type.
FATAL:  Atom .R<A 4>.A<N9 13> does not have a type.
FATAL:  Atom .R<A 4>.A<C8 14> does not have a type.
FATAL:  Atom .R<A 4>.A<N6 15> does not have a type.
FATAL:  Atom .R<A 4>.A<N1 16> does not have a type.
FATAL:  Atom .R<A 4>.A<C2 17> does not have a type.
FATAL:  Atom .R<A 4>.A<N3 18> does not have a type.
FATAL:  Atom .R<A 4>.A<C6 19> does not have a type.
FATAL:  Atom .R<A 4>.A<C5 20> does not have a type.
FATAL:  Atom .R<A 4>.A<N7 21> does not have a type.
FATAL:  Atom .R<A 4>.A<O2' 22> does not have a type.
FATAL:  Atom .R<U 5>.A<C4' 1> does not have a type.
FATAL:  Atom .R<U 5>.A<O5' 2> does not have a type.
FATAL:  Atom .R<U 5>.A<O3' 3> does not have a type.
FATAL:  Atom .R<U 5>.A<O4' 4> does not have a type.
FATAL:  Atom .R<U 5>.A<C1' 5> does not have a type.
FATAL:  Atom .R<U 5>.A<OP1 6> does not have a type.
FATAL:  Atom .R<U 5>.A<C2' 7> does not have a type.
FATAL:  Atom .R<U 5>.A<P 8> does not have a type.
FATAL:  Atom .R<U 5>.A<OP2 9> does not have a type.
FATAL:  Atom .R<U 5>.A<C5' 10> does not have a type.
FATAL:  Atom .R<U 5>.A<C3' 11> does not have a type.
FATAL:  Atom .R<U 5>.A<O4 12> does not have a type.
FATAL:  Atom .R<U 5>.A<C6 13> does not have a type.
FATAL:  Atom .R<U 5>.A<C2 14> does not have a type.
FATAL:  Atom .R<U 5>.A<N1 15> does not have a type.
FATAL:  Atom .R<U 5>.A<N3 16> does not have a type.
FATAL:  Atom .R<U 5>.A<O2 17> does not have a type.
FATAL:  Atom .R<U 5>.A<C5 18> does not have a type.
FATAL:  Atom .R<U 5>.A<C4 19> does not have a type.
FATAL:  Atom .R<U 5>.A<O2' 20> does not have a type.
FATAL:  Atom .R<U 6>.A<C4' 1> does not have a type.
FATAL:  Atom .R<U 6>.A<O5' 2> does not have a type.
FATAL:  Atom .R<U 6>.A<O3' 3> does not have a type.
FATAL:  Atom .R<U 6>.A<O4' 4> does not have a type.
FATAL:  Atom .R<U 6>.A<C1' 5> does not have a type.
FATAL:  Atom .R<U 6>.A<OP1 6> does not have a type.
FATAL:  Atom .R<U 6>.A<C2' 7> does not have a type.
FATAL:  Atom .R<U 6>.A<P 8> does not have a type.
FATAL:  Atom .R<U 6>.A<OP2 9> does not have a type.
FATAL:  Atom .R<U 6>.A<C5' 10> does not have a type.
FATAL:  Atom .R<U 6>.A<C3' 11> does not have a type.
FATAL:  Atom .R<U 6>.A<O4 12> does not have a type.
FATAL:  Atom .R<U 6>.A<C6 13> does not have a type.
FATAL:  Atom .R<U 6>.A<C2 14> does not have a type.
FATAL:  Atom .R<U 6>.A<N1 15> does not have a type.
FATAL:  Atom .R<U 6>.A<N3 16> does not have a type.
FATAL:  Atom .R<U 6>.A<O2 17> does not have a type.
FATAL:  Atom .R<U 6>.A<C5 18> does not have a type.
FATAL:  Atom .R<U 6>.A<C4 19> does not have a type.
FATAL:  Atom .R<U 6>.A<O2' 20> does not have a type.
FATAL:  Atom .R<C 7>.A<C4' 1> does not have a type.
FATAL:  Atom .R<C 7>.A<O5' 2> does not have a type.
FATAL:  Atom .R<C 7>.A<O3' 3> does not have a type.
FATAL:  Atom .R<C 7>.A<O4' 4> does not have a type.
FATAL:  Atom .R<C 7>.A<C1' 5> does not have a type.
FATAL:  Atom .R<C 7>.A<OP1 6> does not have a type.
FATAL:  Atom .R<C 7>.A<C2' 7> does not have a type.
FATAL:  Atom .R<C 7>.A<P 8> does not have a type.
FATAL:  Atom .R<C 7>.A<OP2 9> does not have a type.
FATAL:  Atom .R<C 7>.A<C5' 10> does not have a type.
FATAL:  Atom .R<C 7>.A<C3' 11> does not have a type.
FATAL:  Atom .R<C 7>.A<C6 12> does not have a type.
FATAL:  Atom .R<C 7>.A<C2 13> does not have a type.
FATAL:  Atom .R<C 7>.A<N1 14> does not have a type.
FATAL:  Atom .R<C 7>.A<N3 15> does not have a type.
FATAL:  Atom .R<C 7>.A<N4 16> does not have a type.
FATAL:  Atom .R<C 7>.A<O2 17> does not have a type.
FATAL:  Atom .R<C 7>.A<C5 18> does not have a type.
FATAL:  Atom .R<C 7>.A<C4 19> does not have a type.
FATAL:  Atom .R<C 7>.A<O2' 20> does not have a type.
FATAL:  Atom .R<G3 8>.A<C4' 1> does not have a type.
FATAL:  Atom .R<G3 8>.A<O5' 2> does not have a type.
FATAL:  Atom .R<G3 8>.A<O3' 3> does not have a type.
FATAL:  Atom .R<G3 8>.A<O4' 4> does not have a type.
FATAL:  Atom .R<G3 8>.A<C1' 5> does not have a type.
FATAL:  Atom .R<G3 8>.A<OP1 6> does not have a type.
FATAL:  Atom .R<G3 8>.A<C2' 7> does not have a type.
FATAL:  Atom .R<G3 8>.A<P 8> does not have a type.
FATAL:  Atom .R<G3 8>.A<OP2 9> does not have a type.
FATAL:  Atom .R<G3 8>.A<C5' 10> does not have a type.
FATAL:  Atom .R<G3 8>.A<C3' 11> does not have a type.
FATAL:  Atom .R<G3 8>.A<C4 12> does not have a type.
FATAL:  Atom .R<G3 8>.A<N1 13> does not have a type.
FATAL:  Atom .R<G3 8>.A<N9 14> does not have a type.
FATAL:  Atom .R<G3 8>.A<C8 15> does not have a type.
FATAL:  Atom .R<G3 8>.A<O6 16> does not have a type.
FATAL:  Atom .R<G3 8>.A<C2 17> does not have a type.
FATAL:  Atom .R<G3 8>.A<N2 18> does not have a type.
FATAL:  Atom .R<G3 8>.A<N3 19> does not have a type.
FATAL:  Atom .R<G3 8>.A<C6 20> does not have a type.
FATAL:  Atom .R<G3 8>.A<C5 21> does not have a type.
FATAL:  Atom .R<G3 8>.A<N7 22> does not have a type.
FATAL:  Atom .R<G3 8>.A<O2' 23> does not have a type.
FATAL:  Atom .R<C5 9>.A<C3' 1> does not have a type.
FATAL:  Atom .R<C5 9>.A<O4' 2> does not have a type.
FATAL:  Atom .R<C5 9>.A<C2' 3> does not have a type.
FATAL:  Atom .R<C5 9>.A<O5' 4> does not have a type.
FATAL:  Atom .R<C5 9>.A<O3' 5> does not have a type.
FATAL:  Atom .R<C5 9>.A<C1' 6> does not have a type.
FATAL:  Atom .R<C5 9>.A<C4' 7> does not have a type.
FATAL:  Atom .R<C5 9>.A<C5' 8> does not have a type.
FATAL:  Atom .R<C5 9>.A<C6 9> does not have a type.
FATAL:  Atom .R<C5 9>.A<C2 10> does not have a type.
FATAL:  Atom .R<C5 9>.A<N1 11> does not have a type.
FATAL:  Atom .R<C5 9>.A<N3 12> does not have a type.
FATAL:  Atom .R<C5 9>.A<N4 13> does not have a type.
FATAL:  Atom .R<C5 9>.A<O2 14> does not have a type.
FATAL:  Atom .R<C5 9>.A<C5 15> does not have a type.
FATAL:  Atom .R<C5 9>.A<C4 16> does not have a type.
FATAL:  Atom .R<C5 9>.A<O2' 17> does not have a type.
FATAL:  Atom .R<G 10>.A<OP2 1> does not have a type.
FATAL:  Atom .R<G 10>.A<C3' 2> does not have a type.
FATAL:  Atom .R<G 10>.A<O4' 3> does not have a type.
FATAL:  Atom .R<G 10>.A<OP1 4> does not have a type.
FATAL:  Atom .R<G 10>.A<P 5> does not have a type.
FATAL:  Atom .R<G 10>.A<C2' 6> does not have a type.
FATAL:  Atom .R<G 10>.A<O5' 7> does not have a type.
FATAL:  Atom .R<G 10>.A<O3' 8> does not have a type.
FATAL:  Atom .R<G 10>.A<C1' 9> does not have a type.
FATAL:  Atom .R<G 10>.A<C4' 10> does not have a type.
FATAL:  Atom .R<G 10>.A<C5' 11> does not have a type.
FATAL:  Atom .R<G 10>.A<C4 12> does not have a type.
FATAL:  Atom .R<G 10>.A<N1 13> does not have a type.
FATAL:  Atom .R<G 10>.A<N9 14> does not have a type.
FATAL:  Atom .R<G 10>.A<C8 15> does not have a type.
FATAL:  Atom .R<G 10>.A<O6 16> does not have a type.
FATAL:  Atom .R<G 10>.A<C2 17> does not have a type.
FATAL:  Atom .R<G 10>.A<N2 18> does not have a type.
FATAL:  Atom .R<G 10>.A<N3 19> does not have a type.
FATAL:  Atom .R<G 10>.A<C6 20> does not have a type.
FATAL:  Atom .R<G 10>.A<C5 21> does not have a type.
FATAL:  Atom .R<G 10>.A<N7 22> does not have a type.
FATAL:  Atom .R<G 10>.A<O2' 23> does not have a type.
FATAL:  Atom .R<A 11>.A<OP2 1> does not have a type.
FATAL:  Atom .R<A 11>.A<C3' 2> does not have a type.
FATAL:  Atom .R<A 11>.A<O4' 3> does not have a type.
FATAL:  Atom .R<A 11>.A<OP1 4> does not have a type.
FATAL:  Atom .R<A 11>.A<P 5> does not have a type.
FATAL:  Atom .R<A 11>.A<C2' 6> does not have a type.
FATAL:  Atom .R<A 11>.A<O5' 7> does not have a type.
FATAL:  Atom .R<A 11>.A<O3' 8> does not have a type.
FATAL:  Atom .R<A 11>.A<C1' 9> does not have a type.
FATAL:  Atom .R<A 11>.A<C4' 10> does not have a type.
FATAL:  Atom .R<A 11>.A<C5' 11> does not have a type.
FATAL:  Atom .R<A 11>.A<C4 12> does not have a type.
FATAL:  Atom .R<A 11>.A<N9 13> does not have a type.
FATAL:  Atom .R<A 11>.A<C8 14> does not have a type.
FATAL:  Atom .R<A 11>.A<N6 15> does not have a type.
FATAL:  Atom .R<A 11>.A<N1 16> does not have a type.
FATAL:  Atom .R<A 11>.A<C2 17> does not have a type.
FATAL:  Atom .R<A 11>.A<N3 18> does not have a type.
FATAL:  Atom .R<A 11>.A<C6 19> does not have a type.
FATAL:  Atom .R<A 11>.A<C5 20> does not have a type.
FATAL:  Atom .R<A 11>.A<N7 21> does not have a type.
FATAL:  Atom .R<A 11>.A<O2' 22> does not have a type.
FATAL:  Atom .R<A 12>.A<OP2 1> does not have a type.
FATAL:  Atom .R<A 12>.A<C3' 2> does not have a type.
FATAL:  Atom .R<A 12>.A<O4' 3> does not have a type.
FATAL:  Atom .R<A 12>.A<OP1 4> does not have a type.
FATAL:  Atom .R<A 12>.A<P 5> does not have a type.
FATAL:  Atom .R<A 12>.A<C2' 6> does not have a type.
FATAL:  Atom .R<A 12>.A<O5' 7> does not have a type.
FATAL:  Atom .R<A 12>.A<O3' 8> does not have a type.
FATAL:  Atom .R<A 12>.A<C1' 9> does not have a type.
FATAL:  Atom .R<A 12>.A<C4' 10> does not have a type.
FATAL:  Atom .R<A 12>.A<C5' 11> does not have a type.
FATAL:  Atom .R<A 12>.A<C4 12> does not have a type.
FATAL:  Atom .R<A 12>.A<N9 13> does not have a type.
FATAL:  Atom .R<A 12>.A<C8 14> does not have a type.
FATAL:  Atom .R<A 12>.A<N6 15> does not have a type.
FATAL:  Atom .R<A 12>.A<N1 16> does not have a type.
FATAL:  Atom .R<A 12>.A<C2 17> does not have a type.
FATAL:  Atom .R<A 12>.A<N3 18> does not have a type.
FATAL:  Atom .R<A 12>.A<C6 19> does not have a type.
FATAL:  Atom .R<A 12>.A<C5 20> does not have a type.
FATAL:  Atom .R<A 12>.A<N7 21> does not have a type.
FATAL:  Atom .R<A 12>.A<O2' 22> does not have a type.
FATAL:  Atom .R<U 13>.A<OP2 1> does not have a type.
FATAL:  Atom .R<U 13>.A<C3' 2> does not have a type.
FATAL:  Atom .R<U 13>.A<O4' 3> does not have a type.
FATAL:  Atom .R<U 13>.A<OP1 4> does not have a type.
FATAL:  Atom .R<U 13>.A<P 5> does not have a type.
FATAL:  Atom .R<U 13>.A<C2' 6> does not have a type.
FATAL:  Atom .R<U 13>.A<O5' 7> does not have a type.
FATAL:  Atom .R<U 13>.A<O3' 8> does not have a type.
FATAL:  Atom .R<U 13>.A<C1' 9> does not have a type.
FATAL:  Atom .R<U 13>.A<C4' 10> does not have a type.
FATAL:  Atom .R<U 13>.A<C5' 11> does not have a type.
FATAL:  Atom .R<U 13>.A<O4 12> does not have a type.
FATAL:  Atom .R<U 13>.A<C6 13> does not have a type.
FATAL:  Atom .R<U 13>.A<C2 14> does not have a type.
FATAL:  Atom .R<U 13>.A<N1 15> does not have a type.
FATAL:  Atom .R<U 13>.A<N3 16> does not have a type.
FATAL:  Atom .R<U 13>.A<O2 17> does not have a type.
FATAL:  Atom .R<U 13>.A<C5 18> does not have a type.
FATAL:  Atom .R<U 13>.A<C4 19> does not have a type.
FATAL:  Atom .R<U 13>.A<O2' 20> does not have a type.
FATAL:  Atom .R<U 14>.A<OP2 1> does not have a type.
FATAL:  Atom .R<U 14>.A<C3' 2> does not have a type.
FATAL:  Atom .R<U 14>.A<O4' 3> does not have a type.
FATAL:  Atom .R<U 14>.A<OP1 4> does not have a type.
FATAL:  Atom .R<U 14>.A<P 5> does not have a type.
FATAL:  Atom .R<U 14>.A<C2' 6> does not have a type.
FATAL:  Atom .R<U 14>.A<O5' 7> does not have a type.
FATAL:  Atom .R<U 14>.A<O3' 8> does not have a type.
FATAL:  Atom .R<U 14>.A<C1' 9> does not have a type.
FATAL:  Atom .R<U 14>.A<C4' 10> does not have a type.
FATAL:  Atom .R<U 14>.A<C5' 11> does not have a type.
FATAL:  Atom .R<U 14>.A<O4 12> does not have a type.
FATAL:  Atom .R<U 14>.A<C6 13> does not have a type.
FATAL:  Atom .R<U 14>.A<C2 14> does not have a type.
FATAL:  Atom .R<U 14>.A<N1 15> does not have a type.
FATAL:  Atom .R<U 14>.A<N3 16> does not have a type.
FATAL:  Atom .R<U 14>.A<O2 17> does not have a type.
FATAL:  Atom .R<U 14>.A<C5 18> does not have a type.
FATAL:  Atom .R<U 14>.A<C4 19> does not have a type.
FATAL:  Atom .R<U 14>.A<O2' 20> does not have a type.
FATAL:  Atom .R<C 15>.A<OP2 1> does not have a type.
FATAL:  Atom .R<C 15>.A<C3' 2> does not have a type.
FATAL:  Atom .R<C 15>.A<O4' 3> does not have a type.
FATAL:  Atom .R<C 15>.A<OP1 4> does not have a type.
FATAL:  Atom .R<C 15>.A<P 5> does not have a type.
FATAL:  Atom .R<C 15>.A<C2' 6> does not have a type.
FATAL:  Atom .R<C 15>.A<O5' 7> does not have a type.
FATAL:  Atom .R<C 15>.A<O3' 8> does not have a type.
FATAL:  Atom .R<C 15>.A<C1' 9> does not have a type.
FATAL:  Atom .R<C 15>.A<C4' 10> does not have a type.
FATAL:  Atom .R<C 15>.A<C5' 11> does not have a type.
FATAL:  Atom .R<C 15>.A<C6 12> does not have a type.
FATAL:  Atom .R<C 15>.A<C2 13> does not have a type.
FATAL:  Atom .R<C 15>.A<N1 14> does not have a type.
FATAL:  Atom .R<C 15>.A<N3 15> does not have a type.
FATAL:  Atom .R<C 15>.A<N4 16> does not have a type.
FATAL:  Atom .R<C 15>.A<O2 17> does not have a type.
FATAL:  Atom .R<C 15>.A<C5 18> does not have a type.
FATAL:  Atom .R<C 15>.A<C4 19> does not have a type.
FATAL:  Atom .R<C 15>.A<O2' 20> does not have a type.
FATAL:  Atom .R<G3 16>.A<OP2 1> does not have a type.
FATAL:  Atom .R<G3 16>.A<C3' 2> does not have a type.
FATAL:  Atom .R<G3 16>.A<O4' 3> does not have a type.
FATAL:  Atom .R<G3 16>.A<OP1 4> does not have a type.
FATAL:  Atom .R<G3 16>.A<P 5> does not have a type.
FATAL:  Atom .R<G3 16>.A<C2' 6> does not have a type.
FATAL:  Atom .R<G3 16>.A<O5' 7> does not have a type.
FATAL:  Atom .R<G3 16>.A<O3' 8> does not have a type.
FATAL:  Atom .R<G3 16>.A<C1' 9> does not have a type.
FATAL:  Atom .R<G3 16>.A<C4' 10> does not have a type.
FATAL:  Atom .R<G3 16>.A<C5' 11> does not have a type.
FATAL:  Atom .R<G3 16>.A<C4 12> does not have a type.
FATAL:  Atom .R<G3 16>.A<N1 13> does not have a type.
FATAL:  Atom .R<G3 16>.A<N9 14> does not have a type.
FATAL:  Atom .R<G3 16>.A<C8 15> does not have a type.
FATAL:  Atom .R<G3 16>.A<O6 16> does not have a type.
FATAL:  Atom .R<G3 16>.A<C2 17> does not have a type.
FATAL:  Atom .R<G3 16>.A<N2 18> does not have a type.
FATAL:  Atom .R<G3 16>.A<N3 19> does not have a type.
FATAL:  Atom .R<G3 16>.A<C6 20> does not have a type.
FATAL:  Atom .R<G3 16>.A<C5 21> does not have a type.
FATAL:  Atom .R<G3 16>.A<N7 22> does not have a type.
FATAL:  Atom .R<G3 16>.A<O2' 23> does not have a type.

/home/au555720/micromamba/envs/AmberTools23/bin/teLeap: Fatal Error!
Failed to generate parameters

Exiting LEaP: Errors = 1; Warnings = 21; Notes = 0.
